
 ERROR: [2021-07-20T00:14:26.789125] LateInitializationError: Field 'body' has not been initialized. 
 #0      Request.body (package:palace/src/http/request.dart)
#1      BodyParser.call (package:palace/src/guards/body_parser.dart:22:16)
<asynchronous suspension>
#2      LogsGuard.call (package:palace/src/guards/logs_guard.dart:14:12)
<asynchronous suspension>
#3      Palace._mainPipe (package:palace/src/core/palace.dart:112:39)
<asynchronous suspension>

 ERROR: [2021-07-20T00:14:47.231264] LateInitializationError: Field 'body' has not been initialized. 
 #0      Request.body (package:palace/src/http/request.dart)
#1      BodyParser.call (package:palace/src/guards/body_parser.dart:22:16)
<asynchronous suspension>
#2      LogsGuard.call (package:palace/src/guards/logs_guard.dart:14:12)
<asynchronous suspension>
#3      Palace._mainPipe (package:palace/src/core/palace.dart:112:39)
<asynchronous suspension>

 ERROR: [2021-07-20T00:14:59.780807] LateInitializationError: Field 'body' has not been initialized. 
 #0      Request.body (package:palace/src/http/request.dart)
#1      BodyParser.call (package:palace/src/guards/body_parser.dart:22:16)
<asynchronous suspension>
#2      LogsGuard.call (package:palace/src/guards/logs_guard.dart:14:12)
<asynchronous suspension>
#3      Palace._mainPipe (package:palace/src/core/palace.dart:112:39)
<asynchronous suspension>

 ERROR: [2021-07-20T00:15:22.050041] LateInitializationError: Field 'body' has not been initialized. 
 #0      Request.body (package:palace/src/http/request.dart)
#1      BodyParser.call (package:palace/src/guards/body_parser.dart:22:16)
<asynchronous suspension>
#2      LogsGuard.call (package:palace/src/guards/logs_guard.dart:14:12)
<asynchronous suspension>
#3      Palace._mainPipe (package:palace/src/core/palace.dart:112:39)
<asynchronous suspension>

 ERROR: [2021-07-20T00:15:34.491878] LateInitializationError: Field 'body' has not been initialized. 
 #0      Request.body (package:palace/src/http/request.dart)
#1      BodyParser.call (package:palace/src/guards/body_parser.dart:22:16)
<asynchronous suspension>
#2      LogsGuard.call (package:palace/src/guards/logs_guard.dart:14:12)
<asynchronous suspension>
#3      Palace._mainPipe (package:palace/src/core/palace.dart:112:39)
<asynchronous suspension>

 ERROR: [2021-07-20T00:15:35.402937] LateInitializationError: Field 'body' has not been initialized. 
 #0      Request.body (package:palace/src/http/request.dart)
#1      BodyParser.call (package:palace/src/guards/body_parser.dart:22:16)
<asynchronous suspension>
#2      LogsGuard.call (package:palace/src/guards/logs_guard.dart:14:12)
<asynchronous suspension>
#3      Palace._mainPipe (package:palace/src/core/palace.dart:112:39)
<asynchronous suspension>

 ERROR: [2021-07-20T00:15:36.171299] LateInitializationError: Field 'body' has not been initialized. 
 #0      Request.body (package:palace/src/http/request.dart)
#1      BodyParser.call (package:palace/src/guards/body_parser.dart:22:16)
<asynchronous suspension>
#2      LogsGuard.call (package:palace/src/guards/logs_guard.dart:14:12)
<asynchronous suspension>
#3      Palace._mainPipe (package:palace/src/core/palace.dart:112:39)
<asynchronous suspension>

 ERROR: [2021-07-20T00:15:36.860939] LateInitializationError: Field 'body' has not been initialized. 
 #0      Request.body (package:palace/src/http/request.dart)
#1      BodyParser.call (package:palace/src/guards/body_parser.dart:22:16)
<asynchronous suspension>
#2      LogsGuard.call (package:palace/src/guards/logs_guard.dart:14:12)
<asynchronous suspension>
#3      Palace._mainPipe (package:palace/src/core/palace.dart:112:39)
<asynchronous suspension>

 ERROR: [2021-07-20T00:16:11.400188] LateInitializationError: Field 'body' has not been initialized. 
 #0      Request.body (package:palace/src/http/request.dart)
#1      BodyParser.call (package:palace/src/guards/body_parser.dart:25:16)
<asynchronous suspension>
#2      LogsGuard.call (package:palace/src/guards/logs_guard.dart:14:12)
<asynchronous suspension>
#3      Palace._mainPipe (package:palace/src/core/palace.dart:112:39)
<asynchronous suspension>

 ERROR: [2021-07-20T00:17:15.359836] LateInitializationError: Field 'body' has not been initialized. 
 #0      Request.body (package:palace/src/http/request.dart)
#1      BodyParser.call (package:palace/src/guards/body_parser.dart:28:16)
<asynchronous suspension>
#2      LogsGuard.call (package:palace/src/guards/logs_guard.dart:14:12)
<asynchronous suspension>
#3      Palace._mainPipe (package:palace/src/core/palace.dart:112:39)
<asynchronous suspension>

 ERROR: [2021-07-20T00:22:48.711423] FormatException: Invalid UTF-8 byte (at offset 0) 
 #0      _Utf8Decoder.convertChunked (dart:convert-patch/convert_patch.dart:1891:7)
#1      _Utf8ConversionSink.addSlice (dart:convert/string_conversion.dart:314:28)
#2      _Utf8ConversionSink.add (dart:convert/string_conversion.dart:310:5)
#3      _ConverterStreamEventSink.add (dart:convert/chunked_conversion.dart:72:18)
#4      _SinkTransformerStreamSubscription._handleData (dart:async/stream_transformers.dart:111:24)
#5      _RootZone.runUnaryGuarded (dart:async/zone.dart:1546:10)
#6      CastStreamSubscription._onData (dart:_internal/async_cast.dart:85:11)
#7      _RootZone.runUnaryGuarded (dart:async/zone.dart:1546:10)
#8      _BufferingStreamSubscription._sendData (dart:async/stream_impl.dart:341:11)
#9      _BufferingStreamSubscription._add (dart:async/stream_impl.dart:271:7)
#10     _ForwardingStreamSubscription._add (dart:async/stream_pipe.dart:123:11)
#11     _HandleErrorStream._handleData (dart:async/stream_pipe.dart:256:10)
#12     _ForwardingStreamSubscription._handleData (dart:async/stream_pipe.dart:153:13)
#13     _RootZone.runUnaryGuarded (dart:async/zone.dart:1546:10)
#14     _BufferingStreamSubscription._sendData (dart:async/stream_impl.dart:341:11)
#15     _BufferingStreamSubscription._add (dart:async/stream_impl.dart:271:7)
#16     _SyncStreamControllerDispatch._sendData (dart:async/stream_controller.dart:733:19)
#17     _StreamController._add (dart:async/stream_controller.dart:607:7)
#18     _StreamController.add (dart:async/stream_controller.dart:554:5)
#19     _HttpParser._doParse (dart:_http/http_parser.dart:834:28)
#20     _HttpParser._parse (dart:_http/http_parser.dart:324:7)
#21     _HttpParser._onData (dart:_http/http_parser.dart:878:5)
#22     _RootZone.runUnaryGuarded (dart:async/zone.dart:1546:10)
#23     _BufferingStreamSubscription._sendData (dart:async/stream_impl.dart:341:11)
#24     _BufferingStreamSubscription._add (dart:async/stream_impl.dart:271:7)
#25     _SyncStreamControllerDispatch._sendData (dart:async/stream_controller.dart:733:19)
#26     _StreamController._add (dart:async/stream_controller.dart:607:7)
#27     _StreamController.add (dart:async/stream_controller.dart:554:5)
#28     _Socket._onData (dart:io-patch/socket_patch.dart:2160:41)
#29     _RootZone.runUnaryGuarded (dart:async/zone.dart:1546:10)
#30     _BufferingStreamSubscription._sendData (dart:async/stream_impl.dart:341:11)
#31     _BufferingStreamSubscription._add (dart:async/stream_impl.dart:271:7)
#32     _SyncStreamControllerDispatch._sendData (dart:async/stream_controller.dart:733:19)
#33     _StreamController._add (dart:async/stream_controller.dart:607:7)
#34     _StreamController.add (dart:async/stream_controller.dart:554:5)
#35     new _RawSocket.<anonymous closure> (dart:io-patch/socket_patch.dart:1696:33)
#36     _NativeSocket.issueReadEvent.issue (dart:io-patch/socket_patch.dart:1208:14)
#37     _microtaskLoop (dart:async/schedule_microtask.dart:40:21)
#38     _startMicrotaskLoop (dart:async/schedule_microtask.dart:49:5)
#39     _runPendingImmediateCallback (dart:isolate-patch/isolate_patch.dart:120:13)
#40     _RawReceivePortImpl._handleMessage (dart:isolate-patch/isolate_patch.dart:185:5)
